0 info it worked if it ends with ok
1 verbose cli [ 'D:\\Program Files\\nodejs\\node.exe',
1 verbose cli   'D:\\Program Files\\nodejs\\node_modules\\npm\\bin\\npm-cli.js',
1 verbose cli   'start' ]
2 info using npm@4.0.5
3 info using node@v7.4.0
4 verbose run-script [ 'prestart', 'start', 'poststart' ]
5 info lifecycle myapp@0.0.0~prestart: myapp@0.0.0
6 silly lifecycle myapp@0.0.0~prestart: no script for prestart, continuing
7 info lifecycle myapp@0.0.0~start: myapp@0.0.0
8 verbose lifecycle myapp@0.0.0~start: unsafe-perm in lifecycle true
9 verbose lifecycle myapp@0.0.0~start: PATH: D:\Program Files\nodejs\node_modules\npm\bin\node-gyp-bin;D:\localProject\node_study\demo\myapp\node_modules\.bin;C:\ProgramData\Oracle\Java\javapath;C:\Program Files (x86)\Intel\iCLS Client\;C:\Program Files\Intel\iCLS Client\;C:\Windows\system32;C:\Windows;C:\Windows\System32\Wbem;C:\Windows\System32\WindowsPowerShell\v1.0\;C:\Program Files\Intel\Intel(R) Management Engine Components\DAL;C:\Program Files\Intel\Intel(R) Management Engine Components\IPT;C:\Program Files (x86)\Intel\Intel(R) Management Engine Components\DAL;C:\Program Files (x86)\Intel\Intel(R) Management Engine Components\IPT;C:\Program Files (x86)\Intel\OpenCL SDK\2.0\bin\x86;C:\Program Files (x86)\Intel\OpenCL SDK\2.0\bin\x64;%USERPROFILE%\.dnx\bin;C:\Program Files\Microsoft DNX\Dnvm\;C:\Program Files (x86)\Windows Kits\8.1\Windows Performance Toolkit\;C:\Program Files (x86)\Microsoft ASP.NET\ASP.NET Web Pages\v1.0\;C:\Program Files\Microsoft\Web Platform Installer\;C:\Program Files (x86)\Git\cmd;C:\Program Files (x86)\Git\mingw64\bin;C:\Program Files (x86)\Git\usr\bin;D:\Program Files\nodejs;C:\php;D:\mysql_5628\bin\;C:\ProgramData\chocolatey\bin;C:\tools\python2;D:\Users\wang.long\AppData\Local\Android\sdk\platform-tools;C:\Program Files\TortoiseGit\bin;C:\Program Files\OpenVPN\bin;d:\Program Files\nodejs\;d:\Users\wang.long\.dnx\bin;D:\Program Files (x86)\Microsoft VS Code\bin;d:\Users\wang.long\AppData\Roaming\npm
10 verbose lifecycle myapp@0.0.0~start: CWD: D:\localProject\node_study\demo\myapp
11 silly lifecycle myapp@0.0.0~start: Args: [ '/d /s /c', 'node ./bin/www' ]
12 verbose stack Error: kill ENOSYS
12 verbose stack     at exports._errnoException (util.js:1022:11)
12 verbose stack     at process.kill (internal/process.js:173:13)
12 verbose stack     at process.listener (D:\Program Files\nodejs\node_modules\npm\node_modules\npmlog\node_modules\gauge\node_modules\signal-exit\index.js:86:15)
12 verbose stack     at emitNone (events.js:91:20)
12 verbose stack     at process.emit (events.js:185:7)
12 verbose stack     at processEmit (D:\Program Files\nodejs\node_modules\npm\node_modules\npmlog\node_modules\gauge\node_modules\signal-exit\index.js:146:32)
12 verbose stack     at processEmit (D:\Program Files\nodejs\node_modules\npm\node_modules\npm-registry-client\node_modules\npmlog\node_modules\gauge\node_modules\signal-exit\index.js:146:32)
12 verbose stack     at Signal.wrap.onsignal (internal/process.js:200:44)
13 verbose cwd D:\localProject\node_study\demo\myapp
14 error Windows_NT 6.1.7601
15 error argv "D:\\Program Files\\nodejs\\node.exe" "D:\\Program Files\\nodejs\\node_modules\\npm\\bin\\npm-cli.js" "start"
16 error node v7.4.0
17 error npm  v4.0.5
18 error code ENOSYS
19 error errno ENOSYS
20 error syscall kill
21 error kill ENOSYS
22 error If you need help, you may report this error at:
22 error     <https://github.com/npm/npm/issues>
23 verbose exit [ 1, true ]
